<?xml version="1.0" encoding="UTF-8"?>
<testng-results ignored="0" total="2" passed="1" failed="1" skipped="0">
  <reporter-output>
  </reporter-output>
  <suite started-at="2023-05-08T13:31:59 EDT" name="Suite" finished-at="2023-05-08T13:32:12 EDT" duration-ms="13501">
    <groups>
    </groups>
    <test started-at="2023-05-08T13:31:59 EDT" name="Test" finished-at="2023-05-08T13:32:12 EDT" duration-ms="13501">
      <class name="firsttestngproject.Humana">
        <test-method is-config="true" signature="initializechrome()[pri:0, instance:firsttestngproject.Humana@3a079870]" started-at="2023-05-08T13:31:59 EDT" name="initializechrome" finished-at="2023-05-08T13:32:06 EDT" duration-ms="7211" status="PASS">
          <reporter-output>
          </reporter-output>
        </test-method> <!-- initializechrome -->
        <test-method signature="medicareplans()[pri:0, instance:firsttestngproject.Humana@3a079870]" started-at="2023-05-08T13:32:06 EDT" name="medicareplans" finished-at="2023-05-08T13:32:12 EDT" duration-ms="6204" status="FAIL">
          <exception class="org.openqa.selenium.ElementNotInteractableException">
            <message>
              <![CDATA[element not interactable
  (Session info: chrome=112.0.5615.137)
Build info: version: '4.8.3', revision: 'b19b418e60'
System info: os.name: 'Mac OS X', os.arch: 'x86_64', os.version: '12.3.1', java.version: '19.0.2'
Driver info: org.openqa.selenium.chrome.ChromeDriver
Command: [575509194c3e8d5e487e90df59db1454, clickElement {id=e06b9876-7c8d-496f-b450-b47c5bc38095}]
Capabilities {acceptInsecureCerts: false, browserName: chrome, browserVersion: 112.0.5615.137, chrome: {chromedriverVersion: 112.0.5615.49 (bd2a7bcb881c..., userDataDir: /var/folders/j8/r6nj6htj1h7...}, goog:chromeOptions: {debuggerAddress: localhost:65169}, networkConnectionEnabled: false, pageLoadStrategy: normal, platformName: MAC, proxy: Proxy(), se:cdp: ws://localhost:65169/devtoo..., se:cdpVersion: 112.0.5615.137, setWindowRect: true, strictFileInteractability: false, timeouts: {implicit: 0, pageLoad: 300000, script: 30000}, unhandledPromptBehavior: dismiss and notify, webauthn:extension:credBlob: true, webauthn:extension:largeBlob: true, webauthn:extension:minPinLength: true, webauthn:extension:prf: true, webauthn:virtualAuthenticators: true}
Element: [[ChromeDriver: chrome on MAC (575509194c3e8d5e487e90df59db1454)] -> css selector: input[name='coveragetype[medicareAdvantage]']]
Session ID: 575509194c3e8d5e487e90df59db1454]]>
            </message>
            <full-stacktrace>
              <![CDATA[org.openqa.selenium.ElementNotInteractableException: element not interactable
  (Session info: chrome=112.0.5615.137)
Build info: version: '4.8.3', revision: 'b19b418e60'
System info: os.name: 'Mac OS X', os.arch: 'x86_64', os.version: '12.3.1', java.version: '19.0.2'
Driver info: org.openqa.selenium.chrome.ChromeDriver
Command: [575509194c3e8d5e487e90df59db1454, clickElement {id=e06b9876-7c8d-496f-b450-b47c5bc38095}]
Capabilities {acceptInsecureCerts: false, browserName: chrome, browserVersion: 112.0.5615.137, chrome: {chromedriverVersion: 112.0.5615.49 (bd2a7bcb881c..., userDataDir: /var/folders/j8/r6nj6htj1h7...}, goog:chromeOptions: {debuggerAddress: localhost:65169}, networkConnectionEnabled: false, pageLoadStrategy: normal, platformName: MAC, proxy: Proxy(), se:cdp: ws://localhost:65169/devtoo..., se:cdpVersion: 112.0.5615.137, setWindowRect: true, strictFileInteractability: false, timeouts: {implicit: 0, pageLoad: 300000, script: 30000}, unhandledPromptBehavior: dismiss and notify, webauthn:extension:credBlob: true, webauthn:extension:largeBlob: true, webauthn:extension:minPinLength: true, webauthn:extension:prf: true, webauthn:virtualAuthenticators: true}
Element: [[ChromeDriver: chrome on MAC (575509194c3e8d5e487e90df59db1454)] -> css selector: input[name='coveragetype[medicareAdvantage]']]
Session ID: 575509194c3e8d5e487e90df59db1454
at java.base/jdk.internal.reflect.DirectConstructorHandleAccessor.newInstance(DirectConstructorHandleAccessor.java:67)
at java.base/java.lang.reflect.Constructor.newInstanceWithCaller(Constructor.java:500)
at java.base/java.lang.reflect.Constructor.newInstance(Constructor.java:484)
at org.openqa.selenium.remote.codec.w3c.W3CHttpResponseCodec.createException(W3CHttpResponseCodec.java:200)
at org.openqa.selenium.remote.codec.w3c.W3CHttpResponseCodec.decode(W3CHttpResponseCodec.java:133)
at org.openqa.selenium.remote.codec.w3c.W3CHttpResponseCodec.decode(W3CHttpResponseCodec.java:53)
at org.openqa.selenium.remote.HttpCommandExecutor.execute(HttpCommandExecutor.java:193)
at org.openqa.selenium.remote.service.DriverCommandExecutor.invokeExecute(DriverCommandExecutor.java:183)
at org.openqa.selenium.remote.service.DriverCommandExecutor.execute(DriverCommandExecutor.java:158)
at org.openqa.selenium.remote.RemoteWebDriver.execute(RemoteWebDriver.java:543)
at org.openqa.selenium.remote.RemoteWebElement.execute(RemoteWebElement.java:257)
at org.openqa.selenium.remote.RemoteWebElement.click(RemoteWebElement.java:78)
at firsttestngproject.Humana.medicareplans(Humana.java:43)
at java.base/jdk.internal.reflect.DirectMethodHandleAccessor.invoke(DirectMethodHandleAccessor.java:104)
at java.base/java.lang.reflect.Method.invoke(Method.java:578)
at org.testng.internal.MethodInvocationHelper.invokeMethod(MethodInvocationHelper.java:133)
at org.testng.internal.TestInvoker.invokeMethod(TestInvoker.java:598)
at org.testng.internal.TestInvoker.invokeTestMethod(TestInvoker.java:173)
at org.testng.internal.MethodRunner.runInSequence(MethodRunner.java:46)
at org.testng.internal.TestInvoker$MethodInvocationAgent.invoke(TestInvoker.java:824)
at org.testng.internal.TestInvoker.invokeTestMethods(TestInvoker.java:146)
at org.testng.internal.TestMethodWorker.invokeTestMethods(TestMethodWorker.java:146)
at org.testng.internal.TestMethodWorker.run(TestMethodWorker.java:128)
at java.base/java.util.ArrayList.forEach(ArrayList.java:1511)
at org.testng.TestRunner.privateRun(TestRunner.java:794)
at org.testng.TestRunner.run(TestRunner.java:596)
at org.testng.SuiteRunner.runTest(SuiteRunner.java:377)
at org.testng.SuiteRunner.runSequentially(SuiteRunner.java:371)
at org.testng.SuiteRunner.privateRun(SuiteRunner.java:332)
at org.testng.SuiteRunner.run(SuiteRunner.java:276)
at org.testng.SuiteRunnerWorker.runSuite(SuiteRunnerWorker.java:53)
at org.testng.SuiteRunnerWorker.run(SuiteRunnerWorker.java:96)
at org.testng.TestNG.runSuitesSequentially(TestNG.java:1212)
at org.testng.TestNG.runSuitesLocally(TestNG.java:1134)
at org.testng.TestNG.runSuites(TestNG.java:1063)
at org.testng.TestNG.run(TestNG.java:1031)
at org.testng.remote.AbstractRemoteTestNG.run(AbstractRemoteTestNG.java:115)
at org.testng.remote.RemoteTestNG.initAndRun(RemoteTestNG.java:251)
at org.testng.remote.RemoteTestNG.main(RemoteTestNG.java:77)
]]>
            </full-stacktrace>
          </exception> <!-- org.openqa.selenium.ElementNotInteractableException -->
          <reporter-output>
          </reporter-output>
        </test-method> <!-- medicareplans -->
        <test-method signature="verifyzipcode()[pri:0, instance:firsttestngproject.Humana@3a079870]" started-at="2023-05-08T13:32:12 EDT" name="verifyzipcode" finished-at="2023-05-08T13:32:12 EDT" duration-ms="2" status="PASS">
          <reporter-output>
          </reporter-output>
        </test-method> <!-- verifyzipcode -->
      </class> <!-- firsttestngproject.Humana -->
    </test> <!-- Test -->
  </suite> <!-- Suite -->
</testng-results>
